<?xml version="1.0" encoding="UTF-8"?>
<testsuite xmlns:xsi="http://www.w3.org/2001/XMLSchema-instance" xsi:noNamespaceSchemaLocation="https://maven.apache.org/surefire/maven-surefire-plugin/xsd/surefire-test-report-3.0.xsd" version="3.0" name="util.unittest.BubbleSortSmallArraysTest" time="0.002" tests="12" errors="0" skipped="0" failures="0">
  <properties>
    <property name="java.specification.version" value="19"/>
    <property name="sun.jnu.encoding" value="UTF-8"/>
    <property name="java.class.path" value="/home/usuaro/UNRC/AlgoritmosII/exercise-set-1-delfib/ArraySorter/target/test-classes:/home/usuaro/UNRC/AlgoritmosII/exercise-set-1-delfib/ArraySorter/target/classes:/home/usuaro/.m2/repository/junit/junit/4.13.1/junit-4.13.1.jar:/home/usuaro/.m2/repository/org/hamcrest/hamcrest-core/1.3/hamcrest-core-1.3.jar:/home/usuaro/.m2/repository/org/openjdk/jmh/jmh-core/1.23/jmh-core-1.23.jar:/home/usuaro/.m2/repository/net/sf/jopt-simple/jopt-simple/4.6/jopt-simple-4.6.jar:/home/usuaro/.m2/repository/org/apache/commons/commons-math3/3.2/commons-math3-3.2.jar:/home/usuaro/.m2/repository/org/openjdk/jmh/jmh-generator-annprocess/1.23/jmh-generator-annprocess-1.23.jar:"/>
    <property name="java.vm.vendor" value="Oracle Corporation"/>
    <property name="sun.arch.data.model" value="64"/>
    <property name="java.vendor.url" value="https://java.oracle.com/"/>
    <property name="os.name" value="Linux"/>
    <property name="java.vm.specification.version" value="19"/>
    <property name="sun.java.launcher" value="SUN_STANDARD"/>
    <property name="user.country" value="AR"/>
    <property name="sun.boot.library.path" value="/usr/lib/jvm/jdk-19/lib"/>
    <property name="sun.java.command" value="/home/usuaro/UNRC/AlgoritmosII/exercise-set-1-delfib/ArraySorter/target/surefire/surefirebooter-20230320143414192_3.jar /home/usuaro/UNRC/AlgoritmosII/exercise-set-1-delfib/ArraySorter/target/surefire 2023-03-20T14-34-13_878-jvmRun1 surefire-20230320143414192_1tmp surefire_0-20230320143414192_2tmp"/>
    <property name="jdk.debug" value="release"/>
    <property name="surefire.test.class.path" value="/home/usuaro/UNRC/AlgoritmosII/exercise-set-1-delfib/ArraySorter/target/test-classes:/home/usuaro/UNRC/AlgoritmosII/exercise-set-1-delfib/ArraySorter/target/classes:/home/usuaro/.m2/repository/junit/junit/4.13.1/junit-4.13.1.jar:/home/usuaro/.m2/repository/org/hamcrest/hamcrest-core/1.3/hamcrest-core-1.3.jar:/home/usuaro/.m2/repository/org/openjdk/jmh/jmh-core/1.23/jmh-core-1.23.jar:/home/usuaro/.m2/repository/net/sf/jopt-simple/jopt-simple/4.6/jopt-simple-4.6.jar:/home/usuaro/.m2/repository/org/apache/commons/commons-math3/3.2/commons-math3-3.2.jar:/home/usuaro/.m2/repository/org/openjdk/jmh/jmh-generator-annprocess/1.23/jmh-generator-annprocess-1.23.jar:"/>
    <property name="sun.cpu.endian" value="little"/>
    <property name="user.home" value="/home/usuaro"/>
    <property name="user.language" value="es"/>
    <property name="java.specification.vendor" value="Oracle Corporation"/>
    <property name="java.version.date" value="2023-01-17"/>
    <property name="java.home" value="/usr/lib/jvm/jdk-19"/>
    <property name="file.separator" value="/"/>
    <property name="basedir" value="/home/usuaro/UNRC/AlgoritmosII/exercise-set-1-delfib/ArraySorter"/>
    <property name="java.vm.compressedOopsMode" value="Zero based"/>
    <property name="line.separator" value="&#10;"/>
    <property name="java.specification.name" value="Java Platform API Specification"/>
    <property name="java.vm.specification.vendor" value="Oracle Corporation"/>
    <property name="surefire.real.class.path" value="/home/usuaro/UNRC/AlgoritmosII/exercise-set-1-delfib/ArraySorter/target/surefire/surefirebooter-20230320143414192_3.jar"/>
    <property name="sun.management.compiler" value="HotSpot 64-Bit Tiered Compilers"/>
    <property name="java.runtime.version" value="19.0.2+7-44"/>
    <property name="user.name" value="usuaro"/>
    <property name="stdout.encoding" value="UTF-8"/>
    <property name="path.separator" value=":"/>
    <property name="os.version" value="5.19.0-35-generic"/>
    <property name="java.runtime.name" value="Java(TM) SE Runtime Environment"/>
    <property name="file.encoding" value="UTF-8"/>
    <property name="java.vm.name" value="Java HotSpot(TM) 64-Bit Server VM"/>
    <property name="localRepository" value="/home/usuaro/.m2/repository"/>
    <property name="java.vendor.url.bug" value="https://bugreport.java.com/bugreport/"/>
    <property name="java.io.tmpdir" value="/tmp"/>
    <property name="java.version" value="19.0.2"/>
    <property name="user.dir" value="/home/usuaro/UNRC/AlgoritmosII/exercise-set-1-delfib/ArraySorter"/>
    <property name="os.arch" value="amd64"/>
    <property name="java.vm.specification.name" value="Java Virtual Machine Specification"/>
    <property name="native.encoding" value="UTF-8"/>
    <property name="java.library.path" value="/usr/java/packages/lib:/usr/lib64:/lib64:/lib:/usr/lib"/>
    <property name="java.vm.info" value="mixed mode, sharing"/>
    <property name="stderr.encoding" value="UTF-8"/>
    <property name="java.vendor" value="Oracle Corporation"/>
    <property name="java.vm.version" value="19.0.2+7-44"/>
    <property name="sun.io.unicode.encoding" value="UnicodeLittle"/>
    <property name="java.class.version" value="63.0"/>
  </properties>
  <testcase name="bubbleSortLeavesArraySorted[0]" classname="util.unittest.BubbleSortSmallArraysTest" time="0"/>
  <testcase name="bubbleSortSortsCorrectly[0]" classname="util.unittest.BubbleSortSmallArraysTest" time="0"/>
  <testcase name="bubbleSortLeavesArraySorted[1]" classname="util.unittest.BubbleSortSmallArraysTest" time="0"/>
  <testcase name="bubbleSortSortsCorrectly[1]" classname="util.unittest.BubbleSortSmallArraysTest" time="0"/>
  <testcase name="bubbleSortLeavesArraySorted[2]" classname="util.unittest.BubbleSortSmallArraysTest" time="0"/>
  <testcase name="bubbleSortSortsCorrectly[2]" classname="util.unittest.BubbleSortSmallArraysTest" time="0"/>
  <testcase name="bubbleSortLeavesArraySorted[3]" classname="util.unittest.BubbleSortSmallArraysTest" time="0"/>
  <testcase name="bubbleSortSortsCorrectly[3]" classname="util.unittest.BubbleSortSmallArraysTest" time="0"/>
  <testcase name="bubbleSortLeavesArraySorted[4]" classname="util.unittest.BubbleSortSmallArraysTest" time="0"/>
  <testcase name="bubbleSortSortsCorrectly[4]" classname="util.unittest.BubbleSortSmallArraysTest" time="0"/>
  <testcase name="bubbleSortLeavesArraySorted[5]" classname="util.unittest.BubbleSortSmallArraysTest" time="0"/>
  <testcase name="bubbleSortSortsCorrectly[5]" classname="util.unittest.BubbleSortSmallArraysTest" time="0"/>
</testsuite>