<?xml version="1.0" encoding="UTF-8"?>
<testsuite xmlns:xsi="http://www.w3.org/2001/XMLSchema-instance" xsi:noNamespaceSchemaLocation="https://maven.apache.org/surefire/maven-surefire-plugin/xsd/surefire-test-report-3.0.xsd" version="3.0" name="util.unittest.SelectionSortLargeArraysTest" time="19.399" tests="200" errors="0" skipped="0" failures="0">
  <properties>
    <property name="java.specification.version" value="19"/>
    <property name="sun.jnu.encoding" value="UTF-8"/>
    <property name="java.class.path" value="/home/usuaro/UNRC/AlgoritmosII/exercise-set-1-delfib/ArraySorter/target/test-classes:/home/usuaro/UNRC/AlgoritmosII/exercise-set-1-delfib/ArraySorter/target/classes:/home/usuaro/.m2/repository/junit/junit/4.13.1/junit-4.13.1.jar:/home/usuaro/.m2/repository/org/hamcrest/hamcrest-core/1.3/hamcrest-core-1.3.jar:/home/usuaro/.m2/repository/org/openjdk/jmh/jmh-core/1.23/jmh-core-1.23.jar:/home/usuaro/.m2/repository/net/sf/jopt-simple/jopt-simple/4.6/jopt-simple-4.6.jar:/home/usuaro/.m2/repository/org/apache/commons/commons-math3/3.2/commons-math3-3.2.jar:/home/usuaro/.m2/repository/org/openjdk/jmh/jmh-generator-annprocess/1.23/jmh-generator-annprocess-1.23.jar:"/>
    <property name="java.vm.vendor" value="Oracle Corporation"/>
    <property name="sun.arch.data.model" value="64"/>
    <property name="java.vendor.url" value="https://java.oracle.com/"/>
    <property name="os.name" value="Linux"/>
    <property name="java.vm.specification.version" value="19"/>
    <property name="sun.java.launcher" value="SUN_STANDARD"/>
    <property name="user.country" value="AR"/>
    <property name="sun.boot.library.path" value="/usr/lib/jvm/jdk-19/lib"/>
    <property name="sun.java.command" value="/home/usuaro/UNRC/AlgoritmosII/exercise-set-1-delfib/ArraySorter/target/surefire/surefirebooter-20230320143414192_3.jar /home/usuaro/UNRC/AlgoritmosII/exercise-set-1-delfib/ArraySorter/target/surefire 2023-03-20T14-34-13_878-jvmRun1 surefire-20230320143414192_1tmp surefire_0-20230320143414192_2tmp"/>
    <property name="jdk.debug" value="release"/>
    <property name="surefire.test.class.path" value="/home/usuaro/UNRC/AlgoritmosII/exercise-set-1-delfib/ArraySorter/target/test-classes:/home/usuaro/UNRC/AlgoritmosII/exercise-set-1-delfib/ArraySorter/target/classes:/home/usuaro/.m2/repository/junit/junit/4.13.1/junit-4.13.1.jar:/home/usuaro/.m2/repository/org/hamcrest/hamcrest-core/1.3/hamcrest-core-1.3.jar:/home/usuaro/.m2/repository/org/openjdk/jmh/jmh-core/1.23/jmh-core-1.23.jar:/home/usuaro/.m2/repository/net/sf/jopt-simple/jopt-simple/4.6/jopt-simple-4.6.jar:/home/usuaro/.m2/repository/org/apache/commons/commons-math3/3.2/commons-math3-3.2.jar:/home/usuaro/.m2/repository/org/openjdk/jmh/jmh-generator-annprocess/1.23/jmh-generator-annprocess-1.23.jar:"/>
    <property name="sun.cpu.endian" value="little"/>
    <property name="user.home" value="/home/usuaro"/>
    <property name="user.language" value="es"/>
    <property name="java.specification.vendor" value="Oracle Corporation"/>
    <property name="java.version.date" value="2023-01-17"/>
    <property name="java.home" value="/usr/lib/jvm/jdk-19"/>
    <property name="file.separator" value="/"/>
    <property name="basedir" value="/home/usuaro/UNRC/AlgoritmosII/exercise-set-1-delfib/ArraySorter"/>
    <property name="java.vm.compressedOopsMode" value="Zero based"/>
    <property name="line.separator" value="&#10;"/>
    <property name="java.specification.name" value="Java Platform API Specification"/>
    <property name="java.vm.specification.vendor" value="Oracle Corporation"/>
    <property name="surefire.real.class.path" value="/home/usuaro/UNRC/AlgoritmosII/exercise-set-1-delfib/ArraySorter/target/surefire/surefirebooter-20230320143414192_3.jar"/>
    <property name="sun.management.compiler" value="HotSpot 64-Bit Tiered Compilers"/>
    <property name="java.runtime.version" value="19.0.2+7-44"/>
    <property name="user.name" value="usuaro"/>
    <property name="stdout.encoding" value="UTF-8"/>
    <property name="path.separator" value=":"/>
    <property name="os.version" value="5.19.0-35-generic"/>
    <property name="java.runtime.name" value="Java(TM) SE Runtime Environment"/>
    <property name="file.encoding" value="UTF-8"/>
    <property name="java.vm.name" value="Java HotSpot(TM) 64-Bit Server VM"/>
    <property name="localRepository" value="/home/usuaro/.m2/repository"/>
    <property name="java.vendor.url.bug" value="https://bugreport.java.com/bugreport/"/>
    <property name="java.io.tmpdir" value="/tmp"/>
    <property name="java.version" value="19.0.2"/>
    <property name="user.dir" value="/home/usuaro/UNRC/AlgoritmosII/exercise-set-1-delfib/ArraySorter"/>
    <property name="os.arch" value="amd64"/>
    <property name="java.vm.specification.name" value="Java Virtual Machine Specification"/>
    <property name="native.encoding" value="UTF-8"/>
    <property name="java.library.path" value="/usr/java/packages/lib:/usr/lib64:/lib64:/lib:/usr/lib"/>
    <property name="java.vm.info" value="mixed mode, sharing"/>
    <property name="stderr.encoding" value="UTF-8"/>
    <property name="java.vendor" value="Oracle Corporation"/>
    <property name="java.vm.version" value="19.0.2+7-44"/>
    <property name="sun.io.unicode.encoding" value="UnicodeLittle"/>
    <property name="java.class.version" value="63.0"/>
  </properties>
  <testcase name="selectionSortSortsCorrectly[0]" classname="util.unittest.SelectionSortLargeArraysTest" time="0.001"/>
  <testcase name="selectionSortLeavesArraySorted[0]" classname="util.unittest.SelectionSortLargeArraysTest" time="0"/>
  <testcase name="selectionSortSortsCorrectly[1]" classname="util.unittest.SelectionSortLargeArraysTest" time="0.001"/>
  <testcase name="selectionSortLeavesArraySorted[1]" classname="util.unittest.SelectionSortLargeArraysTest" time="0.001"/>
  <testcase name="selectionSortSortsCorrectly[2]" classname="util.unittest.SelectionSortLargeArraysTest" time="0.003"/>
  <testcase name="selectionSortLeavesArraySorted[2]" classname="util.unittest.SelectionSortLargeArraysTest" time="0.001"/>
  <testcase name="selectionSortSortsCorrectly[3]" classname="util.unittest.SelectionSortLargeArraysTest" time="0.002"/>
  <testcase name="selectionSortLeavesArraySorted[3]" classname="util.unittest.SelectionSortLargeArraysTest" time="0.003"/>
  <testcase name="selectionSortSortsCorrectly[4]" classname="util.unittest.SelectionSortLargeArraysTest" time="0.004"/>
  <testcase name="selectionSortLeavesArraySorted[4]" classname="util.unittest.SelectionSortLargeArraysTest" time="0.003"/>
  <testcase name="selectionSortSortsCorrectly[5]" classname="util.unittest.SelectionSortLargeArraysTest" time="0.005"/>
  <testcase name="selectionSortLeavesArraySorted[5]" classname="util.unittest.SelectionSortLargeArraysTest" time="0.003"/>
  <testcase name="selectionSortSortsCorrectly[6]" classname="util.unittest.SelectionSortLargeArraysTest" time="0.002"/>
  <testcase name="selectionSortLeavesArraySorted[6]" classname="util.unittest.SelectionSortLargeArraysTest" time="0.003"/>
  <testcase name="selectionSortSortsCorrectly[7]" classname="util.unittest.SelectionSortLargeArraysTest" time="0.004"/>
  <testcase name="selectionSortLeavesArraySorted[7]" classname="util.unittest.SelectionSortLargeArraysTest" time="0.003"/>
  <testcase name="selectionSortSortsCorrectly[8]" classname="util.unittest.SelectionSortLargeArraysTest" time="0.004"/>
  <testcase name="selectionSortLeavesArraySorted[8]" classname="util.unittest.SelectionSortLargeArraysTest" time="0.003"/>
  <testcase name="selectionSortSortsCorrectly[9]" classname="util.unittest.SelectionSortLargeArraysTest" time="0.005"/>
  <testcase name="selectionSortLeavesArraySorted[9]" classname="util.unittest.SelectionSortLargeArraysTest" time="0.003"/>
  <testcase name="selectionSortSortsCorrectly[10]" classname="util.unittest.SelectionSortLargeArraysTest" time="0.005"/>
  <testcase name="selectionSortLeavesArraySorted[10]" classname="util.unittest.SelectionSortLargeArraysTest" time="0.004"/>
  <testcase name="selectionSortSortsCorrectly[11]" classname="util.unittest.SelectionSortLargeArraysTest" time="0.006"/>
  <testcase name="selectionSortLeavesArraySorted[11]" classname="util.unittest.SelectionSortLargeArraysTest" time="0.004"/>
  <testcase name="selectionSortSortsCorrectly[12]" classname="util.unittest.SelectionSortLargeArraysTest" time="0.005"/>
  <testcase name="selectionSortLeavesArraySorted[12]" classname="util.unittest.SelectionSortLargeArraysTest" time="0.005"/>
  <testcase name="selectionSortSortsCorrectly[13]" classname="util.unittest.SelectionSortLargeArraysTest" time="0.006"/>
  <testcase name="selectionSortLeavesArraySorted[13]" classname="util.unittest.SelectionSortLargeArraysTest" time="0.005"/>
  <testcase name="selectionSortSortsCorrectly[14]" classname="util.unittest.SelectionSortLargeArraysTest" time="0.006"/>
  <testcase name="selectionSortLeavesArraySorted[14]" classname="util.unittest.SelectionSortLargeArraysTest" time="0.005"/>
  <testcase name="selectionSortSortsCorrectly[15]" classname="util.unittest.SelectionSortLargeArraysTest" time="0.006"/>
  <testcase name="selectionSortLeavesArraySorted[15]" classname="util.unittest.SelectionSortLargeArraysTest" time="0.005"/>
  <testcase name="selectionSortSortsCorrectly[16]" classname="util.unittest.SelectionSortLargeArraysTest" time="0.009"/>
  <testcase name="selectionSortLeavesArraySorted[16]" classname="util.unittest.SelectionSortLargeArraysTest" time="0.008"/>
  <testcase name="selectionSortSortsCorrectly[17]" classname="util.unittest.SelectionSortLargeArraysTest" time="0.009"/>
  <testcase name="selectionSortLeavesArraySorted[17]" classname="util.unittest.SelectionSortLargeArraysTest" time="0.009"/>
  <testcase name="selectionSortSortsCorrectly[18]" classname="util.unittest.SelectionSortLargeArraysTest" time="0.01"/>
  <testcase name="selectionSortLeavesArraySorted[18]" classname="util.unittest.SelectionSortLargeArraysTest" time="0.008"/>
  <testcase name="selectionSortSortsCorrectly[19]" classname="util.unittest.SelectionSortLargeArraysTest" time="0.013"/>
  <testcase name="selectionSortLeavesArraySorted[19]" classname="util.unittest.SelectionSortLargeArraysTest" time="0.008"/>
  <testcase name="selectionSortSortsCorrectly[20]" classname="util.unittest.SelectionSortLargeArraysTest" time="0.016"/>
  <testcase name="selectionSortLeavesArraySorted[20]" classname="util.unittest.SelectionSortLargeArraysTest" time="0.013"/>
  <testcase name="selectionSortSortsCorrectly[21]" classname="util.unittest.SelectionSortLargeArraysTest" time="0.018"/>
  <testcase name="selectionSortLeavesArraySorted[21]" classname="util.unittest.SelectionSortLargeArraysTest" time="0.012"/>
  <testcase name="selectionSortSortsCorrectly[22]" classname="util.unittest.SelectionSortLargeArraysTest" time="0.017"/>
  <testcase name="selectionSortLeavesArraySorted[22]" classname="util.unittest.SelectionSortLargeArraysTest" time="0.014"/>
  <testcase name="selectionSortSortsCorrectly[23]" classname="util.unittest.SelectionSortLargeArraysTest" time="0.02"/>
  <testcase name="selectionSortLeavesArraySorted[23]" classname="util.unittest.SelectionSortLargeArraysTest" time="0.017"/>
  <testcase name="selectionSortSortsCorrectly[24]" classname="util.unittest.SelectionSortLargeArraysTest" time="0.021"/>
  <testcase name="selectionSortLeavesArraySorted[24]" classname="util.unittest.SelectionSortLargeArraysTest" time="0.017"/>
  <testcase name="selectionSortSortsCorrectly[25]" classname="util.unittest.SelectionSortLargeArraysTest" time="0.024"/>
  <testcase name="selectionSortLeavesArraySorted[25]" classname="util.unittest.SelectionSortLargeArraysTest" time="0.017"/>
  <testcase name="selectionSortSortsCorrectly[26]" classname="util.unittest.SelectionSortLargeArraysTest" time="0.024"/>
  <testcase name="selectionSortLeavesArraySorted[26]" classname="util.unittest.SelectionSortLargeArraysTest" time="0.017"/>
  <testcase name="selectionSortSortsCorrectly[27]" classname="util.unittest.SelectionSortLargeArraysTest" time="0.025"/>
  <testcase name="selectionSortLeavesArraySorted[27]" classname="util.unittest.SelectionSortLargeArraysTest" time="0.021"/>
  <testcase name="selectionSortSortsCorrectly[28]" classname="util.unittest.SelectionSortLargeArraysTest" time="0.02"/>
  <testcase name="selectionSortLeavesArraySorted[28]" classname="util.unittest.SelectionSortLargeArraysTest" time="0.018"/>
  <testcase name="selectionSortSortsCorrectly[29]" classname="util.unittest.SelectionSortLargeArraysTest" time="0.026"/>
  <testcase name="selectionSortLeavesArraySorted[29]" classname="util.unittest.SelectionSortLargeArraysTest" time="0.021"/>
  <testcase name="selectionSortSortsCorrectly[30]" classname="util.unittest.SelectionSortLargeArraysTest" time="0.027"/>
  <testcase name="selectionSortLeavesArraySorted[30]" classname="util.unittest.SelectionSortLargeArraysTest" time="0.025"/>
  <testcase name="selectionSortSortsCorrectly[31]" classname="util.unittest.SelectionSortLargeArraysTest" time="0.03"/>
  <testcase name="selectionSortLeavesArraySorted[31]" classname="util.unittest.SelectionSortLargeArraysTest" time="0.021"/>
  <testcase name="selectionSortSortsCorrectly[32]" classname="util.unittest.SelectionSortLargeArraysTest" time="0.031"/>
  <testcase name="selectionSortLeavesArraySorted[32]" classname="util.unittest.SelectionSortLargeArraysTest" time="0.029"/>
  <testcase name="selectionSortSortsCorrectly[33]" classname="util.unittest.SelectionSortLargeArraysTest" time="0.03"/>
  <testcase name="selectionSortLeavesArraySorted[33]" classname="util.unittest.SelectionSortLargeArraysTest" time="0.028"/>
  <testcase name="selectionSortSortsCorrectly[34]" classname="util.unittest.SelectionSortLargeArraysTest" time="0.035"/>
  <testcase name="selectionSortLeavesArraySorted[34]" classname="util.unittest.SelectionSortLargeArraysTest" time="0.031"/>
  <testcase name="selectionSortSortsCorrectly[35]" classname="util.unittest.SelectionSortLargeArraysTest" time="0.037"/>
  <testcase name="selectionSortLeavesArraySorted[35]" classname="util.unittest.SelectionSortLargeArraysTest" time="0.03"/>
  <testcase name="selectionSortSortsCorrectly[36]" classname="util.unittest.SelectionSortLargeArraysTest" time="0.04"/>
  <testcase name="selectionSortLeavesArraySorted[36]" classname="util.unittest.SelectionSortLargeArraysTest" time="0.035"/>
  <testcase name="selectionSortSortsCorrectly[37]" classname="util.unittest.SelectionSortLargeArraysTest" time="0.045"/>
  <testcase name="selectionSortLeavesArraySorted[37]" classname="util.unittest.SelectionSortLargeArraysTest" time="0.048"/>
  <testcase name="selectionSortSortsCorrectly[38]" classname="util.unittest.SelectionSortLargeArraysTest" time="0.043"/>
  <testcase name="selectionSortLeavesArraySorted[38]" classname="util.unittest.SelectionSortLargeArraysTest" time="0.035"/>
  <testcase name="selectionSortSortsCorrectly[39]" classname="util.unittest.SelectionSortLargeArraysTest" time="0.055"/>
  <testcase name="selectionSortLeavesArraySorted[39]" classname="util.unittest.SelectionSortLargeArraysTest" time="0.034"/>
  <testcase name="selectionSortSortsCorrectly[40]" classname="util.unittest.SelectionSortLargeArraysTest" time="0.036"/>
  <testcase name="selectionSortLeavesArraySorted[40]" classname="util.unittest.SelectionSortLargeArraysTest" time="0.034"/>
  <testcase name="selectionSortSortsCorrectly[41]" classname="util.unittest.SelectionSortLargeArraysTest" time="0.045"/>
  <testcase name="selectionSortLeavesArraySorted[41]" classname="util.unittest.SelectionSortLargeArraysTest" time="0.04"/>
  <testcase name="selectionSortSortsCorrectly[42]" classname="util.unittest.SelectionSortLargeArraysTest" time="0.052"/>
  <testcase name="selectionSortLeavesArraySorted[42]" classname="util.unittest.SelectionSortLargeArraysTest" time="0.04"/>
  <testcase name="selectionSortSortsCorrectly[43]" classname="util.unittest.SelectionSortLargeArraysTest" time="0.043"/>
  <testcase name="selectionSortLeavesArraySorted[43]" classname="util.unittest.SelectionSortLargeArraysTest" time="0.041"/>
  <testcase name="selectionSortSortsCorrectly[44]" classname="util.unittest.SelectionSortLargeArraysTest" time="0.045"/>
  <testcase name="selectionSortLeavesArraySorted[44]" classname="util.unittest.SelectionSortLargeArraysTest" time="0.051"/>
  <testcase name="selectionSortSortsCorrectly[45]" classname="util.unittest.SelectionSortLargeArraysTest" time="0.054"/>
  <testcase name="selectionSortLeavesArraySorted[45]" classname="util.unittest.SelectionSortLargeArraysTest" time="0.043"/>
  <testcase name="selectionSortSortsCorrectly[46]" classname="util.unittest.SelectionSortLargeArraysTest" time="0.062"/>
  <testcase name="selectionSortLeavesArraySorted[46]" classname="util.unittest.SelectionSortLargeArraysTest" time="0.051"/>
  <testcase name="selectionSortSortsCorrectly[47]" classname="util.unittest.SelectionSortLargeArraysTest" time="0.07"/>
  <testcase name="selectionSortLeavesArraySorted[47]" classname="util.unittest.SelectionSortLargeArraysTest" time="0.071"/>
  <testcase name="selectionSortSortsCorrectly[48]" classname="util.unittest.SelectionSortLargeArraysTest" time="0.072"/>
  <testcase name="selectionSortLeavesArraySorted[48]" classname="util.unittest.SelectionSortLargeArraysTest" time="0.064"/>
  <testcase name="selectionSortSortsCorrectly[49]" classname="util.unittest.SelectionSortLargeArraysTest" time="0.073"/>
  <testcase name="selectionSortLeavesArraySorted[49]" classname="util.unittest.SelectionSortLargeArraysTest" time="0.053"/>
  <testcase name="selectionSortSortsCorrectly[50]" classname="util.unittest.SelectionSortLargeArraysTest" time="0.06"/>
  <testcase name="selectionSortLeavesArraySorted[50]" classname="util.unittest.SelectionSortLargeArraysTest" time="0.056"/>
  <testcase name="selectionSortSortsCorrectly[51]" classname="util.unittest.SelectionSortLargeArraysTest" time="0.06"/>
  <testcase name="selectionSortLeavesArraySorted[51]" classname="util.unittest.SelectionSortLargeArraysTest" time="0.058"/>
  <testcase name="selectionSortSortsCorrectly[52]" classname="util.unittest.SelectionSortLargeArraysTest" time="0.064"/>
  <testcase name="selectionSortLeavesArraySorted[52]" classname="util.unittest.SelectionSortLargeArraysTest" time="0.061"/>
  <testcase name="selectionSortSortsCorrectly[53]" classname="util.unittest.SelectionSortLargeArraysTest" time="0.065"/>
  <testcase name="selectionSortLeavesArraySorted[53]" classname="util.unittest.SelectionSortLargeArraysTest" time="0.06"/>
  <testcase name="selectionSortSortsCorrectly[54]" classname="util.unittest.SelectionSortLargeArraysTest" time="0.074"/>
  <testcase name="selectionSortLeavesArraySorted[54]" classname="util.unittest.SelectionSortLargeArraysTest" time="0.096"/>
  <testcase name="selectionSortSortsCorrectly[55]" classname="util.unittest.SelectionSortLargeArraysTest" time="0.105"/>
  <testcase name="selectionSortLeavesArraySorted[55]" classname="util.unittest.SelectionSortLargeArraysTest" time="0.094"/>
  <testcase name="selectionSortSortsCorrectly[56]" classname="util.unittest.SelectionSortLargeArraysTest" time="0.103"/>
  <testcase name="selectionSortLeavesArraySorted[56]" classname="util.unittest.SelectionSortLargeArraysTest" time="0.102"/>
  <testcase name="selectionSortSortsCorrectly[57]" classname="util.unittest.SelectionSortLargeArraysTest" time="0.082"/>
  <testcase name="selectionSortLeavesArraySorted[57]" classname="util.unittest.SelectionSortLargeArraysTest" time="0.072"/>
  <testcase name="selectionSortSortsCorrectly[58]" classname="util.unittest.SelectionSortLargeArraysTest" time="0.1"/>
  <testcase name="selectionSortLeavesArraySorted[58]" classname="util.unittest.SelectionSortLargeArraysTest" time="0.128"/>
  <testcase name="selectionSortSortsCorrectly[59]" classname="util.unittest.SelectionSortLargeArraysTest" time="0.132"/>
  <testcase name="selectionSortLeavesArraySorted[59]" classname="util.unittest.SelectionSortLargeArraysTest" time="0.135"/>
  <testcase name="selectionSortSortsCorrectly[60]" classname="util.unittest.SelectionSortLargeArraysTest" time="0.134"/>
  <testcase name="selectionSortLeavesArraySorted[60]" classname="util.unittest.SelectionSortLargeArraysTest" time="0.138"/>
  <testcase name="selectionSortSortsCorrectly[61]" classname="util.unittest.SelectionSortLargeArraysTest" time="0.153"/>
  <testcase name="selectionSortLeavesArraySorted[61]" classname="util.unittest.SelectionSortLargeArraysTest" time="0.151"/>
  <testcase name="selectionSortSortsCorrectly[62]" classname="util.unittest.SelectionSortLargeArraysTest" time="0.137"/>
  <testcase name="selectionSortLeavesArraySorted[62]" classname="util.unittest.SelectionSortLargeArraysTest" time="0.104"/>
  <testcase name="selectionSortSortsCorrectly[63]" classname="util.unittest.SelectionSortLargeArraysTest" time="0.092"/>
  <testcase name="selectionSortLeavesArraySorted[63]" classname="util.unittest.SelectionSortLargeArraysTest" time="0.144"/>
  <testcase name="selectionSortSortsCorrectly[64]" classname="util.unittest.SelectionSortLargeArraysTest" time="0.204"/>
  <testcase name="selectionSortLeavesArraySorted[64]" classname="util.unittest.SelectionSortLargeArraysTest" time="0.189"/>
  <testcase name="selectionSortSortsCorrectly[65]" classname="util.unittest.SelectionSortLargeArraysTest" time="0.195"/>
  <testcase name="selectionSortLeavesArraySorted[65]" classname="util.unittest.SelectionSortLargeArraysTest" time="0.199"/>
  <testcase name="selectionSortSortsCorrectly[66]" classname="util.unittest.SelectionSortLargeArraysTest" time="0.17"/>
  <testcase name="selectionSortLeavesArraySorted[66]" classname="util.unittest.SelectionSortLargeArraysTest" time="0.108"/>
  <testcase name="selectionSortSortsCorrectly[67]" classname="util.unittest.SelectionSortLargeArraysTest" time="0.101"/>
  <testcase name="selectionSortLeavesArraySorted[67]" classname="util.unittest.SelectionSortLargeArraysTest" time="0.152"/>
  <testcase name="selectionSortSortsCorrectly[68]" classname="util.unittest.SelectionSortLargeArraysTest" time="0.123"/>
  <testcase name="selectionSortLeavesArraySorted[68]" classname="util.unittest.SelectionSortLargeArraysTest" time="0.098"/>
  <testcase name="selectionSortSortsCorrectly[69]" classname="util.unittest.SelectionSortLargeArraysTest" time="0.112"/>
  <testcase name="selectionSortLeavesArraySorted[69]" classname="util.unittest.SelectionSortLargeArraysTest" time="0.172"/>
  <testcase name="selectionSortSortsCorrectly[70]" classname="util.unittest.SelectionSortLargeArraysTest" time="0.211"/>
  <testcase name="selectionSortLeavesArraySorted[70]" classname="util.unittest.SelectionSortLargeArraysTest" time="0.153"/>
  <testcase name="selectionSortSortsCorrectly[71]" classname="util.unittest.SelectionSortLargeArraysTest" time="0.107"/>
  <testcase name="selectionSortLeavesArraySorted[71]" classname="util.unittest.SelectionSortLargeArraysTest" time="0.107"/>
  <testcase name="selectionSortSortsCorrectly[72]" classname="util.unittest.SelectionSortLargeArraysTest" time="0.112"/>
  <testcase name="selectionSortLeavesArraySorted[72]" classname="util.unittest.SelectionSortLargeArraysTest" time="0.114"/>
  <testcase name="selectionSortSortsCorrectly[73]" classname="util.unittest.SelectionSortLargeArraysTest" time="0.118"/>
  <testcase name="selectionSortLeavesArraySorted[73]" classname="util.unittest.SelectionSortLargeArraysTest" time="0.112"/>
  <testcase name="selectionSortSortsCorrectly[74]" classname="util.unittest.SelectionSortLargeArraysTest" time="0.138"/>
  <testcase name="selectionSortLeavesArraySorted[74]" classname="util.unittest.SelectionSortLargeArraysTest" time="0.116"/>
  <testcase name="selectionSortSortsCorrectly[75]" classname="util.unittest.SelectionSortLargeArraysTest" time="0.126"/>
  <testcase name="selectionSortLeavesArraySorted[75]" classname="util.unittest.SelectionSortLargeArraysTest" time="0.118"/>
  <testcase name="selectionSortSortsCorrectly[76]" classname="util.unittest.SelectionSortLargeArraysTest" time="0.124"/>
  <testcase name="selectionSortLeavesArraySorted[76]" classname="util.unittest.SelectionSortLargeArraysTest" time="0.122"/>
  <testcase name="selectionSortSortsCorrectly[77]" classname="util.unittest.SelectionSortLargeArraysTest" time="0.125"/>
  <testcase name="selectionSortLeavesArraySorted[77]" classname="util.unittest.SelectionSortLargeArraysTest" time="0.129"/>
  <testcase name="selectionSortSortsCorrectly[78]" classname="util.unittest.SelectionSortLargeArraysTest" time="0.132"/>
  <testcase name="selectionSortLeavesArraySorted[78]" classname="util.unittest.SelectionSortLargeArraysTest" time="0.19"/>
  <testcase name="selectionSortSortsCorrectly[79]" classname="util.unittest.SelectionSortLargeArraysTest" time="0.193"/>
  <testcase name="selectionSortLeavesArraySorted[79]" classname="util.unittest.SelectionSortLargeArraysTest" time="0.196"/>
  <testcase name="selectionSortSortsCorrectly[80]" classname="util.unittest.SelectionSortLargeArraysTest" time="0.139"/>
  <testcase name="selectionSortLeavesArraySorted[80]" classname="util.unittest.SelectionSortLargeArraysTest" time="0.139"/>
  <testcase name="selectionSortSortsCorrectly[81]" classname="util.unittest.SelectionSortLargeArraysTest" time="0.145"/>
  <testcase name="selectionSortLeavesArraySorted[81]" classname="util.unittest.SelectionSortLargeArraysTest" time="0.139"/>
  <testcase name="selectionSortSortsCorrectly[82]" classname="util.unittest.SelectionSortLargeArraysTest" time="0.148"/>
  <testcase name="selectionSortLeavesArraySorted[82]" classname="util.unittest.SelectionSortLargeArraysTest" time="0.148"/>
  <testcase name="selectionSortSortsCorrectly[83]" classname="util.unittest.SelectionSortLargeArraysTest" time="0.191"/>
  <testcase name="selectionSortLeavesArraySorted[83]" classname="util.unittest.SelectionSortLargeArraysTest" time="0.202"/>
  <testcase name="selectionSortSortsCorrectly[84]" classname="util.unittest.SelectionSortLargeArraysTest" time="0.299"/>
  <testcase name="selectionSortLeavesArraySorted[84]" classname="util.unittest.SelectionSortLargeArraysTest" time="0.231"/>
  <testcase name="selectionSortSortsCorrectly[85]" classname="util.unittest.SelectionSortLargeArraysTest" time="0.198"/>
  <testcase name="selectionSortLeavesArraySorted[85]" classname="util.unittest.SelectionSortLargeArraysTest" time="0.199"/>
  <testcase name="selectionSortSortsCorrectly[86]" classname="util.unittest.SelectionSortLargeArraysTest" time="0.211"/>
  <testcase name="selectionSortLeavesArraySorted[86]" classname="util.unittest.SelectionSortLargeArraysTest" time="0.206"/>
  <testcase name="selectionSortSortsCorrectly[87]" classname="util.unittest.SelectionSortLargeArraysTest" time="0.235"/>
  <testcase name="selectionSortLeavesArraySorted[87]" classname="util.unittest.SelectionSortLargeArraysTest" time="0.207"/>
  <testcase name="selectionSortSortsCorrectly[88]" classname="util.unittest.SelectionSortLargeArraysTest" time="0.222"/>
  <testcase name="selectionSortLeavesArraySorted[88]" classname="util.unittest.SelectionSortLargeArraysTest" time="0.22"/>
  <testcase name="selectionSortSortsCorrectly[89]" classname="util.unittest.SelectionSortLargeArraysTest" time="0.226"/>
  <testcase name="selectionSortLeavesArraySorted[89]" classname="util.unittest.SelectionSortLargeArraysTest" time="0.226"/>
  <testcase name="selectionSortSortsCorrectly[90]" classname="util.unittest.SelectionSortLargeArraysTest" time="0.235"/>
  <testcase name="selectionSortLeavesArraySorted[90]" classname="util.unittest.SelectionSortLargeArraysTest" time="0.228"/>
  <testcase name="selectionSortSortsCorrectly[91]" classname="util.unittest.SelectionSortLargeArraysTest" time="0.237"/>
  <testcase name="selectionSortLeavesArraySorted[91]" classname="util.unittest.SelectionSortLargeArraysTest" time="0.301"/>
  <testcase name="selectionSortSortsCorrectly[92]" classname="util.unittest.SelectionSortLargeArraysTest" time="0.196"/>
  <testcase name="selectionSortLeavesArraySorted[92]" classname="util.unittest.SelectionSortLargeArraysTest" time="0.222"/>
  <testcase name="selectionSortSortsCorrectly[93]" classname="util.unittest.SelectionSortLargeArraysTest" time="0.235"/>
  <testcase name="selectionSortLeavesArraySorted[93]" classname="util.unittest.SelectionSortLargeArraysTest" time="0.21"/>
  <testcase name="selectionSortSortsCorrectly[94]" classname="util.unittest.SelectionSortLargeArraysTest" time="0.268"/>
  <testcase name="selectionSortLeavesArraySorted[94]" classname="util.unittest.SelectionSortLargeArraysTest" time="0.255"/>
  <testcase name="selectionSortSortsCorrectly[95]" classname="util.unittest.SelectionSortLargeArraysTest" time="0.279"/>
  <testcase name="selectionSortLeavesArraySorted[95]" classname="util.unittest.SelectionSortLargeArraysTest" time="0.342"/>
  <testcase name="selectionSortSortsCorrectly[96]" classname="util.unittest.SelectionSortLargeArraysTest" time="0.436"/>
  <testcase name="selectionSortLeavesArraySorted[96]" classname="util.unittest.SelectionSortLargeArraysTest" time="0.396"/>
  <testcase name="selectionSortSortsCorrectly[97]" classname="util.unittest.SelectionSortLargeArraysTest" time="0.342"/>
  <testcase name="selectionSortLeavesArraySorted[97]" classname="util.unittest.SelectionSortLargeArraysTest" time="0.27"/>
  <testcase name="selectionSortSortsCorrectly[98]" classname="util.unittest.SelectionSortLargeArraysTest" time="0.286"/>
  <testcase name="selectionSortLeavesArraySorted[98]" classname="util.unittest.SelectionSortLargeArraysTest" time="0.252"/>
  <testcase name="selectionSortSortsCorrectly[99]" classname="util.unittest.SelectionSortLargeArraysTest" time="0.398"/>
  <testcase name="selectionSortLeavesArraySorted[99]" classname="util.unittest.SelectionSortLargeArraysTest" time="0.333"/>
</testsuite>