<?xml version="1.0" encoding="UTF-8"?>
<testsuite xmlns:xsi="http://www.w3.org/2001/XMLSchema-instance" xsi:noNamespaceSchemaLocation="https://maven.apache.org/surefire/maven-surefire-plugin/xsd/surefire-test-report-3.0.xsd" version="3.0" name="util.unittest.BubbleSortLargeArraysTest" time="19.704" tests="200" errors="0" skipped="0" failures="0">
  <properties>
    <property name="java.specification.version" value="19"/>
    <property name="sun.jnu.encoding" value="UTF-8"/>
    <property name="java.class.path" value="/home/usuaro/UNRC/AlgoritmosII/exercise-set-1-delfib/ArraySorter/target/test-classes:/home/usuaro/UNRC/AlgoritmosII/exercise-set-1-delfib/ArraySorter/target/classes:/home/usuaro/.m2/repository/junit/junit/4.13.1/junit-4.13.1.jar:/home/usuaro/.m2/repository/org/hamcrest/hamcrest-core/1.3/hamcrest-core-1.3.jar:/home/usuaro/.m2/repository/org/openjdk/jmh/jmh-core/1.23/jmh-core-1.23.jar:/home/usuaro/.m2/repository/net/sf/jopt-simple/jopt-simple/4.6/jopt-simple-4.6.jar:/home/usuaro/.m2/repository/org/apache/commons/commons-math3/3.2/commons-math3-3.2.jar:/home/usuaro/.m2/repository/org/openjdk/jmh/jmh-generator-annprocess/1.23/jmh-generator-annprocess-1.23.jar:"/>
    <property name="java.vm.vendor" value="Oracle Corporation"/>
    <property name="sun.arch.data.model" value="64"/>
    <property name="java.vendor.url" value="https://java.oracle.com/"/>
    <property name="os.name" value="Linux"/>
    <property name="java.vm.specification.version" value="19"/>
    <property name="sun.java.launcher" value="SUN_STANDARD"/>
    <property name="user.country" value="AR"/>
    <property name="sun.boot.library.path" value="/usr/lib/jvm/jdk-19/lib"/>
    <property name="sun.java.command" value="/home/usuaro/UNRC/AlgoritmosII/exercise-set-1-delfib/ArraySorter/target/surefire/surefirebooter-20230320143414192_3.jar /home/usuaro/UNRC/AlgoritmosII/exercise-set-1-delfib/ArraySorter/target/surefire 2023-03-20T14-34-13_878-jvmRun1 surefire-20230320143414192_1tmp surefire_0-20230320143414192_2tmp"/>
    <property name="jdk.debug" value="release"/>
    <property name="surefire.test.class.path" value="/home/usuaro/UNRC/AlgoritmosII/exercise-set-1-delfib/ArraySorter/target/test-classes:/home/usuaro/UNRC/AlgoritmosII/exercise-set-1-delfib/ArraySorter/target/classes:/home/usuaro/.m2/repository/junit/junit/4.13.1/junit-4.13.1.jar:/home/usuaro/.m2/repository/org/hamcrest/hamcrest-core/1.3/hamcrest-core-1.3.jar:/home/usuaro/.m2/repository/org/openjdk/jmh/jmh-core/1.23/jmh-core-1.23.jar:/home/usuaro/.m2/repository/net/sf/jopt-simple/jopt-simple/4.6/jopt-simple-4.6.jar:/home/usuaro/.m2/repository/org/apache/commons/commons-math3/3.2/commons-math3-3.2.jar:/home/usuaro/.m2/repository/org/openjdk/jmh/jmh-generator-annprocess/1.23/jmh-generator-annprocess-1.23.jar:"/>
    <property name="sun.cpu.endian" value="little"/>
    <property name="user.home" value="/home/usuaro"/>
    <property name="user.language" value="es"/>
    <property name="java.specification.vendor" value="Oracle Corporation"/>
    <property name="java.version.date" value="2023-01-17"/>
    <property name="java.home" value="/usr/lib/jvm/jdk-19"/>
    <property name="file.separator" value="/"/>
    <property name="basedir" value="/home/usuaro/UNRC/AlgoritmosII/exercise-set-1-delfib/ArraySorter"/>
    <property name="java.vm.compressedOopsMode" value="Zero based"/>
    <property name="line.separator" value="&#10;"/>
    <property name="java.specification.name" value="Java Platform API Specification"/>
    <property name="java.vm.specification.vendor" value="Oracle Corporation"/>
    <property name="surefire.real.class.path" value="/home/usuaro/UNRC/AlgoritmosII/exercise-set-1-delfib/ArraySorter/target/surefire/surefirebooter-20230320143414192_3.jar"/>
    <property name="sun.management.compiler" value="HotSpot 64-Bit Tiered Compilers"/>
    <property name="java.runtime.version" value="19.0.2+7-44"/>
    <property name="user.name" value="usuaro"/>
    <property name="stdout.encoding" value="UTF-8"/>
    <property name="path.separator" value=":"/>
    <property name="os.version" value="5.19.0-35-generic"/>
    <property name="java.runtime.name" value="Java(TM) SE Runtime Environment"/>
    <property name="file.encoding" value="UTF-8"/>
    <property name="java.vm.name" value="Java HotSpot(TM) 64-Bit Server VM"/>
    <property name="localRepository" value="/home/usuaro/.m2/repository"/>
    <property name="java.vendor.url.bug" value="https://bugreport.java.com/bugreport/"/>
    <property name="java.io.tmpdir" value="/tmp"/>
    <property name="java.version" value="19.0.2"/>
    <property name="user.dir" value="/home/usuaro/UNRC/AlgoritmosII/exercise-set-1-delfib/ArraySorter"/>
    <property name="os.arch" value="amd64"/>
    <property name="java.vm.specification.name" value="Java Virtual Machine Specification"/>
    <property name="native.encoding" value="UTF-8"/>
    <property name="java.library.path" value="/usr/java/packages/lib:/usr/lib64:/lib64:/lib:/usr/lib"/>
    <property name="java.vm.info" value="mixed mode, sharing"/>
    <property name="stderr.encoding" value="UTF-8"/>
    <property name="java.vendor" value="Oracle Corporation"/>
    <property name="java.vm.version" value="19.0.2+7-44"/>
    <property name="sun.io.unicode.encoding" value="UnicodeLittle"/>
    <property name="java.class.version" value="63.0"/>
  </properties>
  <testcase name="bubbleSortLeavesArraySorted[0]" classname="util.unittest.BubbleSortLargeArraysTest" time="0"/>
  <testcase name="bubbleSortSortsCorrectly[0]" classname="util.unittest.BubbleSortLargeArraysTest" time="0"/>
  <testcase name="bubbleSortLeavesArraySorted[1]" classname="util.unittest.BubbleSortLargeArraysTest" time="0.001"/>
  <testcase name="bubbleSortSortsCorrectly[1]" classname="util.unittest.BubbleSortLargeArraysTest" time="0"/>
  <testcase name="bubbleSortLeavesArraySorted[2]" classname="util.unittest.BubbleSortLargeArraysTest" time="0.002"/>
  <testcase name="bubbleSortSortsCorrectly[2]" classname="util.unittest.BubbleSortLargeArraysTest" time="0"/>
  <testcase name="bubbleSortLeavesArraySorted[3]" classname="util.unittest.BubbleSortLargeArraysTest" time="0.004"/>
  <testcase name="bubbleSortSortsCorrectly[3]" classname="util.unittest.BubbleSortLargeArraysTest" time="0"/>
  <testcase name="bubbleSortLeavesArraySorted[4]" classname="util.unittest.BubbleSortLargeArraysTest" time="0.003"/>
  <testcase name="bubbleSortSortsCorrectly[4]" classname="util.unittest.BubbleSortLargeArraysTest" time="0.001"/>
  <testcase name="bubbleSortLeavesArraySorted[5]" classname="util.unittest.BubbleSortLargeArraysTest" time="0.004"/>
  <testcase name="bubbleSortSortsCorrectly[5]" classname="util.unittest.BubbleSortLargeArraysTest" time="0"/>
  <testcase name="bubbleSortLeavesArraySorted[6]" classname="util.unittest.BubbleSortLargeArraysTest" time="0.007"/>
  <testcase name="bubbleSortSortsCorrectly[6]" classname="util.unittest.BubbleSortLargeArraysTest" time="0"/>
  <testcase name="bubbleSortLeavesArraySorted[7]" classname="util.unittest.BubbleSortLargeArraysTest" time="0.008"/>
  <testcase name="bubbleSortSortsCorrectly[7]" classname="util.unittest.BubbleSortLargeArraysTest" time="0"/>
  <testcase name="bubbleSortLeavesArraySorted[8]" classname="util.unittest.BubbleSortLargeArraysTest" time="0.006"/>
  <testcase name="bubbleSortSortsCorrectly[8]" classname="util.unittest.BubbleSortLargeArraysTest" time="0"/>
  <testcase name="bubbleSortLeavesArraySorted[9]" classname="util.unittest.BubbleSortLargeArraysTest" time="0.008"/>
  <testcase name="bubbleSortSortsCorrectly[9]" classname="util.unittest.BubbleSortLargeArraysTest" time="0"/>
  <testcase name="bubbleSortLeavesArraySorted[10]" classname="util.unittest.BubbleSortLargeArraysTest" time="0.008"/>
  <testcase name="bubbleSortSortsCorrectly[10]" classname="util.unittest.BubbleSortLargeArraysTest" time="0"/>
  <testcase name="bubbleSortLeavesArraySorted[11]" classname="util.unittest.BubbleSortLargeArraysTest" time="0.008"/>
  <testcase name="bubbleSortSortsCorrectly[11]" classname="util.unittest.BubbleSortLargeArraysTest" time="0"/>
  <testcase name="bubbleSortLeavesArraySorted[12]" classname="util.unittest.BubbleSortLargeArraysTest" time="0.009"/>
  <testcase name="bubbleSortSortsCorrectly[12]" classname="util.unittest.BubbleSortLargeArraysTest" time="0"/>
  <testcase name="bubbleSortLeavesArraySorted[13]" classname="util.unittest.BubbleSortLargeArraysTest" time="0.01"/>
  <testcase name="bubbleSortSortsCorrectly[13]" classname="util.unittest.BubbleSortLargeArraysTest" time="0"/>
  <testcase name="bubbleSortLeavesArraySorted[14]" classname="util.unittest.BubbleSortLargeArraysTest" time="0.012"/>
  <testcase name="bubbleSortSortsCorrectly[14]" classname="util.unittest.BubbleSortLargeArraysTest" time="0"/>
  <testcase name="bubbleSortLeavesArraySorted[15]" classname="util.unittest.BubbleSortLargeArraysTest" time="0.012"/>
  <testcase name="bubbleSortSortsCorrectly[15]" classname="util.unittest.BubbleSortLargeArraysTest" time="0"/>
  <testcase name="bubbleSortLeavesArraySorted[16]" classname="util.unittest.BubbleSortLargeArraysTest" time="0.016"/>
  <testcase name="bubbleSortSortsCorrectly[16]" classname="util.unittest.BubbleSortLargeArraysTest" time="0"/>
  <testcase name="bubbleSortLeavesArraySorted[17]" classname="util.unittest.BubbleSortLargeArraysTest" time="0.016"/>
  <testcase name="bubbleSortSortsCorrectly[17]" classname="util.unittest.BubbleSortLargeArraysTest" time="0"/>
  <testcase name="bubbleSortLeavesArraySorted[18]" classname="util.unittest.BubbleSortLargeArraysTest" time="0.021"/>
  <testcase name="bubbleSortSortsCorrectly[18]" classname="util.unittest.BubbleSortLargeArraysTest" time="0"/>
  <testcase name="bubbleSortLeavesArraySorted[19]" classname="util.unittest.BubbleSortLargeArraysTest" time="0.026"/>
  <testcase name="bubbleSortSortsCorrectly[19]" classname="util.unittest.BubbleSortLargeArraysTest" time="0"/>
  <testcase name="bubbleSortLeavesArraySorted[20]" classname="util.unittest.BubbleSortLargeArraysTest" time="0.029"/>
  <testcase name="bubbleSortSortsCorrectly[20]" classname="util.unittest.BubbleSortLargeArraysTest" time="0"/>
  <testcase name="bubbleSortLeavesArraySorted[21]" classname="util.unittest.BubbleSortLargeArraysTest" time="0.038"/>
  <testcase name="bubbleSortSortsCorrectly[21]" classname="util.unittest.BubbleSortLargeArraysTest" time="0"/>
  <testcase name="bubbleSortLeavesArraySorted[22]" classname="util.unittest.BubbleSortLargeArraysTest" time="0.036"/>
  <testcase name="bubbleSortSortsCorrectly[22]" classname="util.unittest.BubbleSortLargeArraysTest" time="0"/>
  <testcase name="bubbleSortLeavesArraySorted[23]" classname="util.unittest.BubbleSortLargeArraysTest" time="0.042"/>
  <testcase name="bubbleSortSortsCorrectly[23]" classname="util.unittest.BubbleSortLargeArraysTest" time="0"/>
  <testcase name="bubbleSortLeavesArraySorted[24]" classname="util.unittest.BubbleSortLargeArraysTest" time="0.049"/>
  <testcase name="bubbleSortSortsCorrectly[24]" classname="util.unittest.BubbleSortLargeArraysTest" time="0"/>
  <testcase name="bubbleSortLeavesArraySorted[25]" classname="util.unittest.BubbleSortLargeArraysTest" time="0.048"/>
  <testcase name="bubbleSortSortsCorrectly[25]" classname="util.unittest.BubbleSortLargeArraysTest" time="0.001"/>
  <testcase name="bubbleSortLeavesArraySorted[26]" classname="util.unittest.BubbleSortLargeArraysTest" time="0.05"/>
  <testcase name="bubbleSortSortsCorrectly[26]" classname="util.unittest.BubbleSortLargeArraysTest" time="0"/>
  <testcase name="bubbleSortLeavesArraySorted[27]" classname="util.unittest.BubbleSortLargeArraysTest" time="0.039"/>
  <testcase name="bubbleSortSortsCorrectly[27]" classname="util.unittest.BubbleSortLargeArraysTest" time="0"/>
  <testcase name="bubbleSortLeavesArraySorted[28]" classname="util.unittest.BubbleSortLargeArraysTest" time="0.059"/>
  <testcase name="bubbleSortSortsCorrectly[28]" classname="util.unittest.BubbleSortLargeArraysTest" time="0"/>
  <testcase name="bubbleSortLeavesArraySorted[29]" classname="util.unittest.BubbleSortLargeArraysTest" time="0.058"/>
  <testcase name="bubbleSortSortsCorrectly[29]" classname="util.unittest.BubbleSortLargeArraysTest" time="0"/>
  <testcase name="bubbleSortLeavesArraySorted[30]" classname="util.unittest.BubbleSortLargeArraysTest" time="0.052"/>
  <testcase name="bubbleSortSortsCorrectly[30]" classname="util.unittest.BubbleSortLargeArraysTest" time="0"/>
  <testcase name="bubbleSortLeavesArraySorted[31]" classname="util.unittest.BubbleSortLargeArraysTest" time="0.056"/>
  <testcase name="bubbleSortSortsCorrectly[31]" classname="util.unittest.BubbleSortLargeArraysTest" time="0"/>
  <testcase name="bubbleSortLeavesArraySorted[32]" classname="util.unittest.BubbleSortLargeArraysTest" time="0.065"/>
  <testcase name="bubbleSortSortsCorrectly[32]" classname="util.unittest.BubbleSortLargeArraysTest" time="0.001"/>
  <testcase name="bubbleSortLeavesArraySorted[33]" classname="util.unittest.BubbleSortLargeArraysTest" time="0.061"/>
  <testcase name="bubbleSortSortsCorrectly[33]" classname="util.unittest.BubbleSortLargeArraysTest" time="0"/>
  <testcase name="bubbleSortLeavesArraySorted[34]" classname="util.unittest.BubbleSortLargeArraysTest" time="0.063"/>
  <testcase name="bubbleSortSortsCorrectly[34]" classname="util.unittest.BubbleSortLargeArraysTest" time="0"/>
  <testcase name="bubbleSortLeavesArraySorted[35]" classname="util.unittest.BubbleSortLargeArraysTest" time="0.078"/>
  <testcase name="bubbleSortSortsCorrectly[35]" classname="util.unittest.BubbleSortLargeArraysTest" time="0"/>
  <testcase name="bubbleSortLeavesArraySorted[36]" classname="util.unittest.BubbleSortLargeArraysTest" time="0.127"/>
  <testcase name="bubbleSortSortsCorrectly[36]" classname="util.unittest.BubbleSortLargeArraysTest" time="0"/>
  <testcase name="bubbleSortLeavesArraySorted[37]" classname="util.unittest.BubbleSortLargeArraysTest" time="0.163"/>
  <testcase name="bubbleSortSortsCorrectly[37]" classname="util.unittest.BubbleSortLargeArraysTest" time="0"/>
  <testcase name="bubbleSortLeavesArraySorted[38]" classname="util.unittest.BubbleSortLargeArraysTest" time="0.145"/>
  <testcase name="bubbleSortSortsCorrectly[38]" classname="util.unittest.BubbleSortLargeArraysTest" time="0"/>
  <testcase name="bubbleSortLeavesArraySorted[39]" classname="util.unittest.BubbleSortLargeArraysTest" time="0.155"/>
  <testcase name="bubbleSortSortsCorrectly[39]" classname="util.unittest.BubbleSortLargeArraysTest" time="0"/>
  <testcase name="bubbleSortLeavesArraySorted[40]" classname="util.unittest.BubbleSortLargeArraysTest" time="0.083"/>
  <testcase name="bubbleSortSortsCorrectly[40]" classname="util.unittest.BubbleSortLargeArraysTest" time="0"/>
  <testcase name="bubbleSortLeavesArraySorted[41]" classname="util.unittest.BubbleSortLargeArraysTest" time="0.095"/>
  <testcase name="bubbleSortSortsCorrectly[41]" classname="util.unittest.BubbleSortLargeArraysTest" time="0"/>
  <testcase name="bubbleSortLeavesArraySorted[42]" classname="util.unittest.BubbleSortLargeArraysTest" time="0.079"/>
  <testcase name="bubbleSortSortsCorrectly[42]" classname="util.unittest.BubbleSortLargeArraysTest" time="0"/>
  <testcase name="bubbleSortLeavesArraySorted[43]" classname="util.unittest.BubbleSortLargeArraysTest" time="0.103"/>
  <testcase name="bubbleSortSortsCorrectly[43]" classname="util.unittest.BubbleSortLargeArraysTest" time="0"/>
  <testcase name="bubbleSortLeavesArraySorted[44]" classname="util.unittest.BubbleSortLargeArraysTest" time="0.147"/>
  <testcase name="bubbleSortSortsCorrectly[44]" classname="util.unittest.BubbleSortLargeArraysTest" time="0.001"/>
  <testcase name="bubbleSortLeavesArraySorted[45]" classname="util.unittest.BubbleSortLargeArraysTest" time="0.162"/>
  <testcase name="bubbleSortSortsCorrectly[45]" classname="util.unittest.BubbleSortLargeArraysTest" time="0.001"/>
  <testcase name="bubbleSortLeavesArraySorted[46]" classname="util.unittest.BubbleSortLargeArraysTest" time="0.159"/>
  <testcase name="bubbleSortSortsCorrectly[46]" classname="util.unittest.BubbleSortLargeArraysTest" time="0"/>
  <testcase name="bubbleSortLeavesArraySorted[47]" classname="util.unittest.BubbleSortLargeArraysTest" time="0.22"/>
  <testcase name="bubbleSortSortsCorrectly[47]" classname="util.unittest.BubbleSortLargeArraysTest" time="0"/>
  <testcase name="bubbleSortLeavesArraySorted[48]" classname="util.unittest.BubbleSortLargeArraysTest" time="0.131"/>
  <testcase name="bubbleSortSortsCorrectly[48]" classname="util.unittest.BubbleSortLargeArraysTest" time="0"/>
  <testcase name="bubbleSortLeavesArraySorted[49]" classname="util.unittest.BubbleSortLargeArraysTest" time="0.124"/>
  <testcase name="bubbleSortSortsCorrectly[49]" classname="util.unittest.BubbleSortLargeArraysTest" time="0.001"/>
  <testcase name="bubbleSortLeavesArraySorted[50]" classname="util.unittest.BubbleSortLargeArraysTest" time="0.171"/>
  <testcase name="bubbleSortSortsCorrectly[50]" classname="util.unittest.BubbleSortLargeArraysTest" time="0"/>
  <testcase name="bubbleSortLeavesArraySorted[51]" classname="util.unittest.BubbleSortLargeArraysTest" time="0.163"/>
  <testcase name="bubbleSortSortsCorrectly[51]" classname="util.unittest.BubbleSortLargeArraysTest" time="0"/>
  <testcase name="bubbleSortLeavesArraySorted[52]" classname="util.unittest.BubbleSortLargeArraysTest" time="0.127"/>
  <testcase name="bubbleSortSortsCorrectly[52]" classname="util.unittest.BubbleSortLargeArraysTest" time="0.001"/>
  <testcase name="bubbleSortLeavesArraySorted[53]" classname="util.unittest.BubbleSortLargeArraysTest" time="0.134"/>
  <testcase name="bubbleSortSortsCorrectly[53]" classname="util.unittest.BubbleSortLargeArraysTest" time="0.001"/>
  <testcase name="bubbleSortLeavesArraySorted[54]" classname="util.unittest.BubbleSortLargeArraysTest" time="0.133"/>
  <testcase name="bubbleSortSortsCorrectly[54]" classname="util.unittest.BubbleSortLargeArraysTest" time="0"/>
  <testcase name="bubbleSortLeavesArraySorted[55]" classname="util.unittest.BubbleSortLargeArraysTest" time="0.143"/>
  <testcase name="bubbleSortSortsCorrectly[55]" classname="util.unittest.BubbleSortLargeArraysTest" time="0.001"/>
  <testcase name="bubbleSortLeavesArraySorted[56]" classname="util.unittest.BubbleSortLargeArraysTest" time="0.149"/>
  <testcase name="bubbleSortSortsCorrectly[56]" classname="util.unittest.BubbleSortLargeArraysTest" time="0"/>
  <testcase name="bubbleSortLeavesArraySorted[57]" classname="util.unittest.BubbleSortLargeArraysTest" time="0.147"/>
  <testcase name="bubbleSortSortsCorrectly[57]" classname="util.unittest.BubbleSortLargeArraysTest" time="0.001"/>
  <testcase name="bubbleSortLeavesArraySorted[58]" classname="util.unittest.BubbleSortLargeArraysTest" time="0.148"/>
  <testcase name="bubbleSortSortsCorrectly[58]" classname="util.unittest.BubbleSortLargeArraysTest" time="0"/>
  <testcase name="bubbleSortLeavesArraySorted[59]" classname="util.unittest.BubbleSortLargeArraysTest" time="0.192"/>
  <testcase name="bubbleSortSortsCorrectly[59]" classname="util.unittest.BubbleSortLargeArraysTest" time="0"/>
  <testcase name="bubbleSortLeavesArraySorted[60]" classname="util.unittest.BubbleSortLargeArraysTest" time="0.28"/>
  <testcase name="bubbleSortSortsCorrectly[60]" classname="util.unittest.BubbleSortLargeArraysTest" time="0"/>
  <testcase name="bubbleSortLeavesArraySorted[61]" classname="util.unittest.BubbleSortLargeArraysTest" time="0.301"/>
  <testcase name="bubbleSortSortsCorrectly[61]" classname="util.unittest.BubbleSortLargeArraysTest" time="0"/>
  <testcase name="bubbleSortLeavesArraySorted[62]" classname="util.unittest.BubbleSortLargeArraysTest" time="0.311"/>
  <testcase name="bubbleSortSortsCorrectly[62]" classname="util.unittest.BubbleSortLargeArraysTest" time="0"/>
  <testcase name="bubbleSortLeavesArraySorted[63]" classname="util.unittest.BubbleSortLargeArraysTest" time="0.269"/>
  <testcase name="bubbleSortSortsCorrectly[63]" classname="util.unittest.BubbleSortLargeArraysTest" time="0.001"/>
  <testcase name="bubbleSortLeavesArraySorted[64]" classname="util.unittest.BubbleSortLargeArraysTest" time="0.189"/>
  <testcase name="bubbleSortSortsCorrectly[64]" classname="util.unittest.BubbleSortLargeArraysTest" time="0"/>
  <testcase name="bubbleSortLeavesArraySorted[65]" classname="util.unittest.BubbleSortLargeArraysTest" time="0.197"/>
  <testcase name="bubbleSortSortsCorrectly[65]" classname="util.unittest.BubbleSortLargeArraysTest" time="0"/>
  <testcase name="bubbleSortLeavesArraySorted[66]" classname="util.unittest.BubbleSortLargeArraysTest" time="0.234"/>
  <testcase name="bubbleSortSortsCorrectly[66]" classname="util.unittest.BubbleSortLargeArraysTest" time="0.001"/>
  <testcase name="bubbleSortLeavesArraySorted[67]" classname="util.unittest.BubbleSortLargeArraysTest" time="0.433"/>
  <testcase name="bubbleSortSortsCorrectly[67]" classname="util.unittest.BubbleSortLargeArraysTest" time="0"/>
  <testcase name="bubbleSortLeavesArraySorted[68]" classname="util.unittest.BubbleSortLargeArraysTest" time="0.377"/>
  <testcase name="bubbleSortSortsCorrectly[68]" classname="util.unittest.BubbleSortLargeArraysTest" time="0"/>
  <testcase name="bubbleSortLeavesArraySorted[69]" classname="util.unittest.BubbleSortLargeArraysTest" time="0.337"/>
  <testcase name="bubbleSortSortsCorrectly[69]" classname="util.unittest.BubbleSortLargeArraysTest" time="0"/>
  <testcase name="bubbleSortLeavesArraySorted[70]" classname="util.unittest.BubbleSortLargeArraysTest" time="0.438"/>
  <testcase name="bubbleSortSortsCorrectly[70]" classname="util.unittest.BubbleSortLargeArraysTest" time="0"/>
  <testcase name="bubbleSortLeavesArraySorted[71]" classname="util.unittest.BubbleSortLargeArraysTest" time="0.249"/>
  <testcase name="bubbleSortSortsCorrectly[71]" classname="util.unittest.BubbleSortLargeArraysTest" time="0"/>
  <testcase name="bubbleSortLeavesArraySorted[72]" classname="util.unittest.BubbleSortLargeArraysTest" time="0.238"/>
  <testcase name="bubbleSortSortsCorrectly[72]" classname="util.unittest.BubbleSortLargeArraysTest" time="0"/>
  <testcase name="bubbleSortLeavesArraySorted[73]" classname="util.unittest.BubbleSortLargeArraysTest" time="0.291"/>
  <testcase name="bubbleSortSortsCorrectly[73]" classname="util.unittest.BubbleSortLargeArraysTest" time="0"/>
  <testcase name="bubbleSortLeavesArraySorted[74]" classname="util.unittest.BubbleSortLargeArraysTest" time="0.256"/>
  <testcase name="bubbleSortSortsCorrectly[74]" classname="util.unittest.BubbleSortLargeArraysTest" time="0"/>
  <testcase name="bubbleSortLeavesArraySorted[75]" classname="util.unittest.BubbleSortLargeArraysTest" time="0.274"/>
  <testcase name="bubbleSortSortsCorrectly[75]" classname="util.unittest.BubbleSortLargeArraysTest" time="0"/>
  <testcase name="bubbleSortLeavesArraySorted[76]" classname="util.unittest.BubbleSortLargeArraysTest" time="0.294"/>
  <testcase name="bubbleSortSortsCorrectly[76]" classname="util.unittest.BubbleSortLargeArraysTest" time="0"/>
  <testcase name="bubbleSortLeavesArraySorted[77]" classname="util.unittest.BubbleSortLargeArraysTest" time="0.285"/>
  <testcase name="bubbleSortSortsCorrectly[77]" classname="util.unittest.BubbleSortLargeArraysTest" time="0.001"/>
  <testcase name="bubbleSortLeavesArraySorted[78]" classname="util.unittest.BubbleSortLargeArraysTest" time="0.292"/>
  <testcase name="bubbleSortSortsCorrectly[78]" classname="util.unittest.BubbleSortLargeArraysTest" time="0.001"/>
  <testcase name="bubbleSortLeavesArraySorted[79]" classname="util.unittest.BubbleSortLargeArraysTest" time="0.383"/>
  <testcase name="bubbleSortSortsCorrectly[79]" classname="util.unittest.BubbleSortLargeArraysTest" time="0"/>
  <testcase name="bubbleSortLeavesArraySorted[80]" classname="util.unittest.BubbleSortLargeArraysTest" time="0.341"/>
  <testcase name="bubbleSortSortsCorrectly[80]" classname="util.unittest.BubbleSortLargeArraysTest" time="0"/>
  <testcase name="bubbleSortLeavesArraySorted[81]" classname="util.unittest.BubbleSortLargeArraysTest" time="0.307"/>
  <testcase name="bubbleSortSortsCorrectly[81]" classname="util.unittest.BubbleSortLargeArraysTest" time="0.001"/>
  <testcase name="bubbleSortLeavesArraySorted[82]" classname="util.unittest.BubbleSortLargeArraysTest" time="0.381"/>
  <testcase name="bubbleSortSortsCorrectly[82]" classname="util.unittest.BubbleSortLargeArraysTest" time="0"/>
  <testcase name="bubbleSortLeavesArraySorted[83]" classname="util.unittest.BubbleSortLargeArraysTest" time="0.491"/>
  <testcase name="bubbleSortSortsCorrectly[83]" classname="util.unittest.BubbleSortLargeArraysTest" time="0"/>
  <testcase name="bubbleSortLeavesArraySorted[84]" classname="util.unittest.BubbleSortLargeArraysTest" time="0.431"/>
  <testcase name="bubbleSortSortsCorrectly[84]" classname="util.unittest.BubbleSortLargeArraysTest" time="0"/>
  <testcase name="bubbleSortLeavesArraySorted[85]" classname="util.unittest.BubbleSortLargeArraysTest" time="0.344"/>
  <testcase name="bubbleSortSortsCorrectly[85]" classname="util.unittest.BubbleSortLargeArraysTest" time="0.001"/>
  <testcase name="bubbleSortLeavesArraySorted[86]" classname="util.unittest.BubbleSortLargeArraysTest" time="0.482"/>
  <testcase name="bubbleSortSortsCorrectly[86]" classname="util.unittest.BubbleSortLargeArraysTest" time="0"/>
  <testcase name="bubbleSortLeavesArraySorted[87]" classname="util.unittest.BubbleSortLargeArraysTest" time="0.542"/>
  <testcase name="bubbleSortSortsCorrectly[87]" classname="util.unittest.BubbleSortLargeArraysTest" time="0.001"/>
  <testcase name="bubbleSortLeavesArraySorted[88]" classname="util.unittest.BubbleSortLargeArraysTest" time="0.64"/>
  <testcase name="bubbleSortSortsCorrectly[88]" classname="util.unittest.BubbleSortLargeArraysTest" time="0"/>
  <testcase name="bubbleSortLeavesArraySorted[89]" classname="util.unittest.BubbleSortLargeArraysTest" time="0.545"/>
  <testcase name="bubbleSortSortsCorrectly[89]" classname="util.unittest.BubbleSortLargeArraysTest" time="0.001"/>
  <testcase name="bubbleSortLeavesArraySorted[90]" classname="util.unittest.BubbleSortLargeArraysTest" time="0.447"/>
  <testcase name="bubbleSortSortsCorrectly[90]" classname="util.unittest.BubbleSortLargeArraysTest" time="0"/>
  <testcase name="bubbleSortLeavesArraySorted[91]" classname="util.unittest.BubbleSortLargeArraysTest" time="0.462"/>
  <testcase name="bubbleSortSortsCorrectly[91]" classname="util.unittest.BubbleSortLargeArraysTest" time="0"/>
  <testcase name="bubbleSortLeavesArraySorted[92]" classname="util.unittest.BubbleSortLargeArraysTest" time="0.398"/>
  <testcase name="bubbleSortSortsCorrectly[92]" classname="util.unittest.BubbleSortLargeArraysTest" time="0"/>
  <testcase name="bubbleSortLeavesArraySorted[93]" classname="util.unittest.BubbleSortLargeArraysTest" time="0.415"/>
  <testcase name="bubbleSortSortsCorrectly[93]" classname="util.unittest.BubbleSortLargeArraysTest" time="0"/>
  <testcase name="bubbleSortLeavesArraySorted[94]" classname="util.unittest.BubbleSortLargeArraysTest" time="0.413"/>
  <testcase name="bubbleSortSortsCorrectly[94]" classname="util.unittest.BubbleSortLargeArraysTest" time="0"/>
  <testcase name="bubbleSortLeavesArraySorted[95]" classname="util.unittest.BubbleSortLargeArraysTest" time="0.422"/>
  <testcase name="bubbleSortSortsCorrectly[95]" classname="util.unittest.BubbleSortLargeArraysTest" time="0.001"/>
  <testcase name="bubbleSortLeavesArraySorted[96]" classname="util.unittest.BubbleSortLargeArraysTest" time="0.455"/>
  <testcase name="bubbleSortSortsCorrectly[96]" classname="util.unittest.BubbleSortLargeArraysTest" time="0"/>
  <testcase name="bubbleSortLeavesArraySorted[97]" classname="util.unittest.BubbleSortLargeArraysTest" time="0.666"/>
  <testcase name="bubbleSortSortsCorrectly[97]" classname="util.unittest.BubbleSortLargeArraysTest" time="0"/>
  <testcase name="bubbleSortLeavesArraySorted[98]" classname="util.unittest.BubbleSortLargeArraysTest" time="0.594"/>
  <testcase name="bubbleSortSortsCorrectly[98]" classname="util.unittest.BubbleSortLargeArraysTest" time="0"/>
  <testcase name="bubbleSortLeavesArraySorted[99]" classname="util.unittest.BubbleSortLargeArraysTest" time="0.55"/>
  <testcase name="bubbleSortSortsCorrectly[99]" classname="util.unittest.BubbleSortLargeArraysTest" time="0"/>
</testsuite>